<?xml version="1.0" encoding="UTF-8"?>
<testng-results skipped="0" failed="0" ignored="0" total="1" passed="1">
  <reporter-output>
  </reporter-output>
  <suite name="Default suite" duration-ms="4553" started-at="2020-04-15T01:39:45 IST" finished-at="2020-04-15T01:39:49 IST">
    <groups>
    </groups>
    <test name="Default test" duration-ms="4553" started-at="2020-04-15T01:39:45 IST" finished-at="2020-04-15T01:39:49 IST">
      <class name="test.TestNGDemo">
        <test-method status="PASS" signature="setupTest()[pri:0, instance:test.TestNGDemo@1e178745]" name="setupTest" is-config="true" duration-ms="1230" started-at="2020-04-15T01:39:45 IST" finished-at="2020-04-15T01:39:46 IST">
          <reporter-output>
          </reporter-output>
        </test-method> <!-- setupTest -->
        <test-method status="PASS" signature="googleSearch()[pri:0, instance:test.TestNGDemo@1e178745]" name="googleSearch" duration-ms="3171" started-at="2020-04-15T01:39:46 IST" finished-at="2020-04-15T01:39:49 IST">
          <reporter-output>
          </reporter-output>
        </test-method> <!-- googleSearch -->
        <test-method status="PASS" signature="tearDownTest()[pri:0, instance:test.TestNGDemo@1e178745]" name="tearDownTest" is-config="true" duration-ms="113" started-at="2020-04-15T01:39:49 IST" finished-at="2020-04-15T01:39:49 IST">
          <reporter-output>
          </reporter-output>
        </test-method> <!-- tearDownTest -->
      </class> <!-- test.TestNGDemo -->
    </test> <!-- Default test -->
  </suite> <!-- Default suite -->
</testng-results>
