<?xml version="1.0" encoding="UTF-8"?>
<!-- Generated by org.testng.reporters.JUnitXMLReporter -->
<testsuite hostname="Rajats-MacBook-Pro.local" ignored="0" name="Default test" tests="3" failures="0" timestamp="2020-04-17T02:03:07 IST" time="26.061" errors="0">
  <testcase name="test1" time="9.673" classname="utils.ExcelDataProvider"/>
  <testcase name="test1" time="7.824" classname="utils.ExcelDataProvider"/>
  <testcase name="test1" time="6.86" classname="utils.ExcelDataProvider"/>
</testsuite> <!-- Default test -->
